<?xml version="1.0" encoding="UTF-8"?>
<!-- Generated by org.testng.reporters.JUnitReportReporter -->
<testsuite skipped="0" hostname="SUNNY-PC" name="com.makemytrip.qa.test.HomePageTest" tests="2" failures="0" timestamp="28 Apr 2019 15:49:44 GMT" time="57.639" errors="0">
  <testcase name="homePageTitleTest" time="14.384" classname="com.makemytrip.qa.test.HomePageTest"/>
  <testcase name="selectToFromStations" time="43.255" classname="com.makemytrip.qa.test.HomePageTest"/>
</testsuite> <!-- com.makemytrip.qa.test.HomePageTest -->
