<?xml version="1.0" encoding="UTF-8"?>
<!-- Generated by org.testng.reporters.JUnitReportReporter -->
<testsuite skipped="0" hostname="SUNNY-PC" name="com.makemytrip.qa.test.SearchPageTest" tests="1" failures="0" timestamp="28 Apr 2019 19:50:28 GMT" time="125.174" errors="0">
  <testcase name="getDepartureRates" time="125.174" classname="com.makemytrip.qa.test.SearchPageTest"/>
</testsuite> <!-- com.makemytrip.qa.test.SearchPageTest -->
